[2022-01-22 01:04:36,415] INFO [Controller id=0] Processing automatic preferred replica leader election (kafka.controller.KafkaController)
[2022-01-22 01:04:36,425] TRACE [Controller id=0] Checking need to trigger auto leader balancing (kafka.controller.KafkaController)
[2022-01-22 01:09:36,436] INFO [Controller id=0] Processing automatic preferred replica leader election (kafka.controller.KafkaController)
[2022-01-22 01:09:36,439] TRACE [Controller id=0] Checking need to trigger auto leader balancing (kafka.controller.KafkaController)
[2022-01-22 01:14:36,441] INFO [Controller id=0] Processing automatic preferred replica leader election (kafka.controller.KafkaController)
[2022-01-22 01:14:36,443] TRACE [Controller id=0] Checking need to trigger auto leader balancing (kafka.controller.KafkaController)
[2022-01-22 01:19:36,453] INFO [Controller id=0] Processing automatic preferred replica leader election (kafka.controller.KafkaController)
[2022-01-22 01:19:36,456] TRACE [Controller id=0] Checking need to trigger auto leader balancing (kafka.controller.KafkaController)
[2022-01-22 01:24:36,474] INFO [Controller id=0] Processing automatic preferred replica leader election (kafka.controller.KafkaController)
[2022-01-22 01:24:36,478] TRACE [Controller id=0] Checking need to trigger auto leader balancing (kafka.controller.KafkaController)
[2022-01-22 01:29:36,489] INFO [Controller id=0] Processing automatic preferred replica leader election (kafka.controller.KafkaController)
[2022-01-22 01:29:36,494] TRACE [Controller id=0] Checking need to trigger auto leader balancing (kafka.controller.KafkaController)
[2022-01-22 01:34:36,507] INFO [Controller id=0] Processing automatic preferred replica leader election (kafka.controller.KafkaController)
[2022-01-22 01:34:36,510] TRACE [Controller id=0] Checking need to trigger auto leader balancing (kafka.controller.KafkaController)
[2022-01-22 01:39:36,521] INFO [Controller id=0] Processing automatic preferred replica leader election (kafka.controller.KafkaController)
[2022-01-22 01:39:36,525] TRACE [Controller id=0] Checking need to trigger auto leader balancing (kafka.controller.KafkaController)
[2022-01-22 01:42:20,915] INFO [Controller id=0] Shutting down broker 0 (kafka.controller.KafkaController)
[2022-01-22 01:42:20,916] DEBUG [Controller id=0] All shutting down brokers: 0 (kafka.controller.KafkaController)
[2022-01-22 01:42:20,917] DEBUG [Controller id=0] Live brokers:  (kafka.controller.KafkaController)
[2022-01-22 01:42:20,925] TRACE [Controller id=0] All leaders =  (kafka.controller.KafkaController)
[2022-01-22 01:42:22,021] INFO [ControllerEventThread controllerId=0] Shutting down (kafka.controller.ControllerEventManager$ControllerEventThread)
[2022-01-22 01:42:22,022] INFO [ControllerEventThread controllerId=0] Stopped (kafka.controller.ControllerEventManager$ControllerEventThread)
[2022-01-22 01:42:22,022] INFO [ControllerEventThread controllerId=0] Shutdown completed (kafka.controller.ControllerEventManager$ControllerEventThread)
[2022-01-22 01:42:22,023] DEBUG [Controller id=0] Resigning (kafka.controller.KafkaController)
[2022-01-22 01:42:22,024] DEBUG [Controller id=0] Unregister BrokerModifications handler for Set(0) (kafka.controller.KafkaController)
[2022-01-22 01:42:22,025] INFO [PartitionStateMachine controllerId=0] Stopped partition state machine (kafka.controller.ZkPartitionStateMachine)
[2022-01-22 01:42:22,026] INFO [ReplicaStateMachine controllerId=0] Stopped replica state machine (kafka.controller.ZkReplicaStateMachine)
[2022-01-22 01:42:22,027] INFO [RequestSendThread controllerId=0] Shutting down (kafka.controller.RequestSendThread)
[2022-01-22 01:42:22,027] INFO [RequestSendThread controllerId=0] Stopped (kafka.controller.RequestSendThread)
[2022-01-22 01:42:22,027] INFO [RequestSendThread controllerId=0] Shutdown completed (kafka.controller.RequestSendThread)
[2022-01-22 01:42:22,037] INFO [Controller id=0] Resigned (kafka.controller.KafkaController)
