[2022-01-22 01:42:20,775] INFO Terminating process due to signal SIGINT (org.apache.kafka.common.utils.LoggingSignalHandler)
[2022-01-22 01:42:20,825] INFO [KafkaServer id=0] shutting down (kafka.server.KafkaServer)
[2022-01-22 01:42:20,848] INFO [KafkaServer id=0] Starting controlled shutdown (kafka.server.KafkaServer)
[2022-01-22 01:42:20,938] INFO [KafkaServer id=0] Controlled shutdown succeeded (kafka.server.KafkaServer)
[2022-01-22 01:42:20,962] INFO [/config/changes-event-process-thread]: Shutting down (kafka.common.ZkNodeChangeNotificationListener$ChangeEventProcessThread)
[2022-01-22 01:42:20,964] INFO [/config/changes-event-process-thread]: Stopped (kafka.common.ZkNodeChangeNotificationListener$ChangeEventProcessThread)
[2022-01-22 01:42:20,964] INFO [/config/changes-event-process-thread]: Shutdown completed (kafka.common.ZkNodeChangeNotificationListener$ChangeEventProcessThread)
[2022-01-22 01:42:20,965] INFO [SocketServer listenerType=ZK_BROKER, nodeId=0] Stopping socket server request processors (kafka.network.SocketServer)
[2022-01-22 01:42:20,985] INFO [SocketServer listenerType=ZK_BROKER, nodeId=0] Stopped socket server request processors (kafka.network.SocketServer)
[2022-01-22 01:42:20,985] INFO [data-plane Kafka Request Handler on Broker 0], shutting down (kafka.server.KafkaRequestHandlerPool)
[2022-01-22 01:42:20,988] INFO [data-plane Kafka Request Handler on Broker 0], shut down completely (kafka.server.KafkaRequestHandlerPool)
[2022-01-22 01:42:20,988] INFO [ExpirationReaper-0-AlterAcls]: Shutting down (kafka.server.DelayedOperationPurgatory$ExpiredOperationReaper)
[2022-01-22 01:42:21,095] INFO [ExpirationReaper-0-AlterAcls]: Stopped (kafka.server.DelayedOperationPurgatory$ExpiredOperationReaper)
[2022-01-22 01:42:21,095] INFO [ExpirationReaper-0-AlterAcls]: Shutdown completed (kafka.server.DelayedOperationPurgatory$ExpiredOperationReaper)
[2022-01-22 01:42:21,103] INFO [KafkaApi-0] Shutdown complete. (kafka.server.KafkaApis)
[2022-01-22 01:42:21,105] INFO [ExpirationReaper-0-topic]: Shutting down (kafka.server.DelayedOperationPurgatory$ExpiredOperationReaper)
[2022-01-22 01:42:21,145] INFO [ExpirationReaper-0-topic]: Shutdown completed (kafka.server.DelayedOperationPurgatory$ExpiredOperationReaper)
[2022-01-22 01:42:21,145] INFO [ExpirationReaper-0-topic]: Stopped (kafka.server.DelayedOperationPurgatory$ExpiredOperationReaper)
[2022-01-22 01:42:21,151] INFO [TransactionCoordinator id=0] Shutting down. (kafka.coordinator.transaction.TransactionCoordinator)
[2022-01-22 01:42:21,156] INFO [Transaction State Manager 0]: Shutdown complete (kafka.coordinator.transaction.TransactionStateManager)
[2022-01-22 01:42:21,157] INFO [Transaction Marker Channel Manager 0]: Shutting down (kafka.coordinator.transaction.TransactionMarkerChannelManager)
[2022-01-22 01:42:21,158] INFO [Transaction Marker Channel Manager 0]: Stopped (kafka.coordinator.transaction.TransactionMarkerChannelManager)
[2022-01-22 01:42:21,158] INFO [Transaction Marker Channel Manager 0]: Shutdown completed (kafka.coordinator.transaction.TransactionMarkerChannelManager)
[2022-01-22 01:42:21,159] INFO [TransactionCoordinator id=0] Shutdown complete. (kafka.coordinator.transaction.TransactionCoordinator)
[2022-01-22 01:42:21,161] INFO [GroupCoordinator 0]: Shutting down. (kafka.coordinator.group.GroupCoordinator)
[2022-01-22 01:42:21,162] INFO [ExpirationReaper-0-Heartbeat]: Shutting down (kafka.server.DelayedOperationPurgatory$ExpiredOperationReaper)
[2022-01-22 01:42:21,173] INFO [ExpirationReaper-0-Heartbeat]: Shutdown completed (kafka.server.DelayedOperationPurgatory$ExpiredOperationReaper)
[2022-01-22 01:42:21,174] INFO [ExpirationReaper-0-Heartbeat]: Stopped (kafka.server.DelayedOperationPurgatory$ExpiredOperationReaper)
[2022-01-22 01:42:21,176] INFO [ExpirationReaper-0-Rebalance]: Shutting down (kafka.server.DelayedOperationPurgatory$ExpiredOperationReaper)
[2022-01-22 01:42:21,368] INFO [ExpirationReaper-0-Rebalance]: Stopped (kafka.server.DelayedOperationPurgatory$ExpiredOperationReaper)
[2022-01-22 01:42:21,368] INFO [ExpirationReaper-0-Rebalance]: Shutdown completed (kafka.server.DelayedOperationPurgatory$ExpiredOperationReaper)
[2022-01-22 01:42:21,376] INFO [GroupCoordinator 0]: Shutdown complete. (kafka.coordinator.group.GroupCoordinator)
[2022-01-22 01:42:21,379] INFO [ReplicaManager broker=0] Shutting down (kafka.server.ReplicaManager)
[2022-01-22 01:42:21,381] INFO [LogDirFailureHandler]: Shutting down (kafka.server.ReplicaManager$LogDirFailureHandler)
[2022-01-22 01:42:21,381] INFO [LogDirFailureHandler]: Stopped (kafka.server.ReplicaManager$LogDirFailureHandler)
[2022-01-22 01:42:21,381] INFO [LogDirFailureHandler]: Shutdown completed (kafka.server.ReplicaManager$LogDirFailureHandler)
[2022-01-22 01:42:21,382] INFO [ReplicaFetcherManager on broker 0] shutting down (kafka.server.ReplicaFetcherManager)
[2022-01-22 01:42:21,407] INFO [ReplicaFetcherManager on broker 0] shutdown completed (kafka.server.ReplicaFetcherManager)
[2022-01-22 01:42:21,408] INFO [ReplicaAlterLogDirsManager on broker 0] shutting down (kafka.server.ReplicaAlterLogDirsManager)
[2022-01-22 01:42:21,408] INFO [ReplicaAlterLogDirsManager on broker 0] shutdown completed (kafka.server.ReplicaAlterLogDirsManager)
[2022-01-22 01:42:21,408] INFO [ExpirationReaper-0-Fetch]: Shutting down (kafka.server.DelayedOperationPurgatory$ExpiredOperationReaper)
[2022-01-22 01:42:21,451] INFO [ExpirationReaper-0-Fetch]: Shutdown completed (kafka.server.DelayedOperationPurgatory$ExpiredOperationReaper)
[2022-01-22 01:42:21,451] INFO [ExpirationReaper-0-Fetch]: Stopped (kafka.server.DelayedOperationPurgatory$ExpiredOperationReaper)
[2022-01-22 01:42:21,491] INFO [ExpirationReaper-0-Produce]: Shutting down (kafka.server.DelayedOperationPurgatory$ExpiredOperationReaper)
[2022-01-22 01:42:21,545] INFO [ExpirationReaper-0-Produce]: Shutdown completed (kafka.server.DelayedOperationPurgatory$ExpiredOperationReaper)
[2022-01-22 01:42:21,545] INFO [ExpirationReaper-0-Produce]: Stopped (kafka.server.DelayedOperationPurgatory$ExpiredOperationReaper)
[2022-01-22 01:42:21,548] INFO [ExpirationReaper-0-DeleteRecords]: Shutting down (kafka.server.DelayedOperationPurgatory$ExpiredOperationReaper)
[2022-01-22 01:42:21,671] INFO [ExpirationReaper-0-DeleteRecords]: Shutdown completed (kafka.server.DelayedOperationPurgatory$ExpiredOperationReaper)
[2022-01-22 01:42:21,671] INFO [ExpirationReaper-0-DeleteRecords]: Stopped (kafka.server.DelayedOperationPurgatory$ExpiredOperationReaper)
[2022-01-22 01:42:21,675] INFO [ExpirationReaper-0-ElectLeader]: Shutting down (kafka.server.DelayedOperationPurgatory$ExpiredOperationReaper)
[2022-01-22 01:42:21,859] INFO [ExpirationReaper-0-ElectLeader]: Stopped (kafka.server.DelayedOperationPurgatory$ExpiredOperationReaper)
[2022-01-22 01:42:21,859] INFO [ExpirationReaper-0-ElectLeader]: Shutdown completed (kafka.server.DelayedOperationPurgatory$ExpiredOperationReaper)
[2022-01-22 01:42:21,933] INFO [ReplicaManager broker=0] Shut down completely (kafka.server.ReplicaManager)
[2022-01-22 01:42:21,934] INFO [BrokerToControllerChannelManager broker=0 name=alterIsr]: Shutting down (kafka.server.BrokerToControllerRequestThread)
[2022-01-22 01:42:21,939] INFO [BrokerToControllerChannelManager broker=0 name=alterIsr]: Stopped (kafka.server.BrokerToControllerRequestThread)
[2022-01-22 01:42:21,939] INFO [BrokerToControllerChannelManager broker=0 name=alterIsr]: Shutdown completed (kafka.server.BrokerToControllerRequestThread)
[2022-01-22 01:42:21,950] INFO Broker to controller channel manager for alterIsr shutdown (kafka.server.BrokerToControllerChannelManagerImpl)
[2022-01-22 01:42:21,951] INFO [BrokerToControllerChannelManager broker=0 name=forwarding]: Shutting down (kafka.server.BrokerToControllerRequestThread)
[2022-01-22 01:42:21,951] INFO [BrokerToControllerChannelManager broker=0 name=forwarding]: Shutdown completed (kafka.server.BrokerToControllerRequestThread)
[2022-01-22 01:42:21,951] INFO [BrokerToControllerChannelManager broker=0 name=forwarding]: Stopped (kafka.server.BrokerToControllerRequestThread)
[2022-01-22 01:42:21,952] INFO Broker to controller channel manager for forwarding shutdown (kafka.server.BrokerToControllerChannelManagerImpl)
[2022-01-22 01:42:21,952] INFO Shutting down. (kafka.log.LogManager)
[2022-01-22 01:42:22,015] INFO Shutdown complete. (kafka.log.LogManager)
[2022-01-22 01:42:22,038] INFO [feature-zk-node-event-process-thread]: Shutting down (kafka.server.FinalizedFeatureChangeListener$ChangeNotificationProcessorThread)
[2022-01-22 01:42:22,039] INFO [feature-zk-node-event-process-thread]: Stopped (kafka.server.FinalizedFeatureChangeListener$ChangeNotificationProcessorThread)
[2022-01-22 01:42:22,039] INFO [feature-zk-node-event-process-thread]: Shutdown completed (kafka.server.FinalizedFeatureChangeListener$ChangeNotificationProcessorThread)
[2022-01-22 01:42:22,039] INFO [ZooKeeperClient Kafka server] Closing. (kafka.zookeeper.ZooKeeperClient)
[2022-01-22 01:42:22,073] WARN An exception was thrown while closing send thread for session 0x10003e33e070000. (org.apache.zookeeper.ClientCnxn)
EndOfStreamException: Unable to read additional data from server sessionid 0x10003e33e070000, likely server has closed socket
	at org.apache.zookeeper.ClientCnxnSocketNIO.doIO(ClientCnxnSocketNIO.java:77)
	at org.apache.zookeeper.ClientCnxnSocketNIO.doTransport(ClientCnxnSocketNIO.java:350)
	at org.apache.zookeeper.ClientCnxn$SendThread.run(ClientCnxn.java:1290)
[2022-01-22 01:42:22,186] INFO Session: 0x10003e33e070000 closed (org.apache.zookeeper.ZooKeeper)
[2022-01-22 01:42:22,186] INFO EventThread shut down for session: 0x10003e33e070000 (org.apache.zookeeper.ClientCnxn)
[2022-01-22 01:42:22,191] INFO [ZooKeeperClient Kafka server] Closed. (kafka.zookeeper.ZooKeeperClient)
[2022-01-22 01:42:22,191] INFO [ThrottledChannelReaper-Fetch]: Shutting down (kafka.server.ClientQuotaManager$ThrottledChannelReaper)
[2022-01-22 01:42:22,462] INFO [ThrottledChannelReaper-Fetch]: Stopped (kafka.server.ClientQuotaManager$ThrottledChannelReaper)
[2022-01-22 01:42:22,462] INFO [ThrottledChannelReaper-Fetch]: Shutdown completed (kafka.server.ClientQuotaManager$ThrottledChannelReaper)
[2022-01-22 01:42:22,463] INFO [ThrottledChannelReaper-Produce]: Shutting down (kafka.server.ClientQuotaManager$ThrottledChannelReaper)
[2022-01-22 01:42:22,475] INFO [ThrottledChannelReaper-Produce]: Stopped (kafka.server.ClientQuotaManager$ThrottledChannelReaper)
[2022-01-22 01:42:22,475] INFO [ThrottledChannelReaper-Produce]: Shutdown completed (kafka.server.ClientQuotaManager$ThrottledChannelReaper)
[2022-01-22 01:42:22,480] INFO [ThrottledChannelReaper-Request]: Shutting down (kafka.server.ClientQuotaManager$ThrottledChannelReaper)
[2022-01-22 01:42:23,461] INFO [ThrottledChannelReaper-Request]: Stopped (kafka.server.ClientQuotaManager$ThrottledChannelReaper)
[2022-01-22 01:42:23,461] INFO [ThrottledChannelReaper-Request]: Shutdown completed (kafka.server.ClientQuotaManager$ThrottledChannelReaper)
[2022-01-22 01:42:23,475] INFO [ThrottledChannelReaper-ControllerMutation]: Shutting down (kafka.server.ClientQuotaManager$ThrottledChannelReaper)
[2022-01-22 01:42:24,467] INFO [ThrottledChannelReaper-ControllerMutation]: Shutdown completed (kafka.server.ClientQuotaManager$ThrottledChannelReaper)
[2022-01-22 01:42:24,467] INFO [ThrottledChannelReaper-ControllerMutation]: Stopped (kafka.server.ClientQuotaManager$ThrottledChannelReaper)
[2022-01-22 01:42:24,473] INFO [SocketServer listenerType=ZK_BROKER, nodeId=0] Shutting down socket server (kafka.network.SocketServer)
[2022-01-22 01:42:24,626] INFO [SocketServer listenerType=ZK_BROKER, nodeId=0] Shutdown completed (kafka.network.SocketServer)
[2022-01-22 01:42:24,632] INFO Metrics scheduler closed (org.apache.kafka.common.metrics.Metrics)
[2022-01-22 01:42:24,632] INFO Closing reporter org.apache.kafka.common.metrics.JmxReporter (org.apache.kafka.common.metrics.Metrics)
[2022-01-22 01:42:24,632] INFO Metrics reporters closed (org.apache.kafka.common.metrics.Metrics)
[2022-01-22 01:42:24,638] INFO Broker and topic stats closed (kafka.server.BrokerTopicStats)
[2022-01-22 01:42:24,641] INFO App info kafka.server for 0 unregistered (org.apache.kafka.common.utils.AppInfoParser)
[2022-01-22 01:42:24,641] INFO [KafkaServer id=0] shut down completed (kafka.server.KafkaServer)
